2026/01/06 02:01:19 Kafka Logger started
2026/01/06 02:01:47 [2026-01-06T02:01:47Z] create
2026/01/06 02:01:57 [2026-01-06T02:01:57Z] list
2026/01/06 02:02:13 [2026-01-06T02:02:13Z] mark_done
2026/01/06 02:02:20 [2026-01-06T02:02:20Z] list
2026/01/06 02:02:35 [2026-01-06T02:02:35Z] delete
2026/01/07 19:48:53 Kafka Logger started
2026/01/07 19:58:17 Kafka Logger started
2026/01/08 19:46:39 Kafka Logger started
2026/01/08 19:49:17 [2026-01-08T19:49:17Z] list
2026/01/08 19:49:28 [2026-01-08T19:49:28Z] delete
2026/01/08 19:49:32 [2026-01-08T19:49:32Z] list
2026/01/08 19:49:39 [2026-01-08T19:49:39Z] delete
2026/01/08 19:49:47 [2026-01-08T19:49:47Z] delete
2026/01/08 19:49:50 [2026-01-08T19:49:50Z] list
2026/01/08 19:50:20 [2026-01-08T19:50:20Z] create
2026/01/08 19:52:00 [2026-01-08T19:52:00Z] list
2026/01/08 19:53:01 [2026-01-08T19:53:01Z] delete
2026/01/08 19:54:09 [2026-01-08T19:54:09Z] mark_done
2026/01/08 20:09:35 Kafka Logger started
